# JRE version: OpenJDK Runtime Environment AdoptOpenJDK (15.0.1+9) (build 15.0.1+9)
# Java VM: OpenJDK 64-Bit Server VM AdoptOpenJDK (15.0.1+9, mixed mode, tiered, compressed oops, g1 gc, windows-amd64)
GC Precious Log:
 CPUs: 12 total, 12 available
 Memory: 16072M
 Large Page Support: Disabled
 NUMA Support: Disabled
 Compressed Oops: Enabled (Zero based)
 Heap Region Size: 8M
 Heap Min Capacity: 8M
 Heap Initial Capacity: 256M
 Heap Max Capacity: 16G
 Pre-touch: Disabled
 Parallel Workers: 10
 Concurrent Workers: 3
 Concurrent Refinement Workers: 10
 Periodic GC: Disabled
Heap:
 garbage-first heap   total 237568K, used 128477K [0x0000000400000000, 0x0000000800000000)
  region size 8192K, 1 young (8192K), 1 survivors (8192K)
 Metaspace       used 72155K, capacity 72535K, committed 72772K, reserved 1114112K
  class space    used 9001K, capacity 9145K, committed 9160K, reserved 1048576K
GC Heap History (20 events):
Event: 4.086 GC heap before
{Heap before GC invocations=11 (full 0):
 garbage-first heap   total 139264K, used 89113K [0x0000000400000000, 0x0000000800000000)
  region size 8192K, 4 young (32768K), 1 survivors (8192K)
 Metaspace       used 53420K, capacity 53709K, committed 53956K, reserved 1097728K
  class space    used 6540K, capacity 6673K, committed 6728K, reserved 1048576K
}
Event: 4.097 GC heap after
{Heap after GC invocations=12 (full 0):
 garbage-first heap   total 172032K, used 78326K [0x0000000400000000, 0x0000000800000000)
  region size 8192K, 1 young (8192K), 1 survivors (8192K)
 Metaspace       used 53420K, capacity 53709K, committed 53956K, reserved 1097728K
  class space    used 6540K, capacity 6673K, committed 6728K, reserved 1048576K
}
Event: 4.254 GC heap before
{Heap before GC invocations=12 (full 0):
 garbage-first heap   total 172032K, used 102902K [0x0000000400000000, 0x0000000800000000)
  region size 8192K, 4 young (32768K), 1 survivors (8192K)
 Metaspace       used 53678K, capacity 54061K, committed 54212K, reserved 1097728K
  class space    used 6561K, capacity 6705K, committed 6728K, reserved 1048576K
}
Event: 4.258 GC heap after
{Heap after GC invocations=13 (full 0):
 garbage-first heap   total 172032K, used 77029K [0x0000000400000000, 0x0000000800000000)
  region size 8192K, 1 young (8192K), 1 survivors (8192K)
 Metaspace       used 53678K, capacity 54061K, committed 54212K, reserved 1097728K
  class space    used 6561K, capacity 6705K, committed 6728K, reserved 1048576K
}
Event: 4.464 GC heap before
{Heap before GC invocations=13 (full 0):
 garbage-first heap   total 172032K, used 101605K [0x0000000400000000, 0x0000000800000000)
  region size 8192K, 4 young (32768K), 1 survivors (8192K)
 Metaspace       used 55171K, capacity 55501K, committed 55748K, reserved 1097728K
  class space    used 6742K, capacity 6865K, committed 6984K, reserved 1048576K
}
Event: 4.472 GC heap after
{Heap after GC invocations=14 (full 0):
 garbage-first heap   total 172032K, used 83993K [0x0000000400000000, 0x0000000800000000)
  region size 8192K, 1 young (8192K), 1 survivors (8192K)
 Metaspace       used 55171K, capacity 55501K, committed 55748K, reserved 1097728K
  class space    used 6742K, capacity 6865K, committed 6984K, reserved 1048576K
}
Event: 4.674 GC heap before
{Heap before GC invocations=15 (full 0):
 garbage-first heap   total 172032K, used 100377K [0x0000000400000000, 0x0000000800000000)
  region size 8192K, 4 young (32768K), 1 survivors (8192K)
 Metaspace       used 57881K, capacity 58245K, committed 58436K, reserved 1099776K
  class space    used 7143K, capacity 7289K, committed 7368K, reserved 1048576K
}
Event: 4.678 GC heap after
{Heap after GC invocations=16 (full 0):
 garbage-first heap   total 172032K, used 72714K [0x0000000400000000, 0x0000000800000000)
  region size 8192K, 1 young (8192K), 1 survivors (8192K)
 Metaspace       used 57881K, capacity 58245K, committed 58436K, reserved 1099776K
  class space    used 7143K, capacity 7289K, committed 7368K, reserved 1048576K
}
Event: 4.784 GC heap before
{Heap before GC invocations=16 (full 0):
 garbage-first heap   total 172032K, used 80906K [0x0000000400000000, 0x0000000800000000)
  region size 8192K, 2 young (16384K), 1 survivors (8192K)
 Metaspace       used 60739K, capacity 61067K, committed 61380K, reserved 1103872K
  class space    used 7529K, capacity 7675K, committed 7752K, reserved 1048576K
}
Event: 4.788 GC heap after
{Heap after GC invocations=17 (full 0):
 garbage-first heap   total 172032K, used 49732K [0x0000000400000000, 0x0000000800000000)
  region size 8192K, 1 young (8192K), 1 survivors (8192K)
 Metaspace       used 60739K, capacity 61067K, committed 61380K, reserved 1103872K
  class space    used 7529K, capacity 7675K, committed 7752K, reserved 1048576K
}
Event: 5.066 GC heap before
{Heap before GC invocations=17 (full 0):
 garbage-first heap   total 172032K, used 82500K [0x0000000400000000, 0x0000000800000000)
  region size 8192K, 2 young (16384K), 1 survivors (8192K)
 Metaspace       used 62937K, capacity 63342K, committed 63556K, reserved 1105920K
  class space    used 7867K, capacity 8006K, committed 8136K, reserved 1048576K
}
Event: 5.073 GC heap after
{Heap after GC invocations=18 (full 0):
 garbage-first heap   total 212992K, used 63941K [0x0000000400000000, 0x0000000800000000)
  region size 8192K, 1 young (8192K), 1 survivors (8192K)
 Metaspace       used 62937K, capacity 63342K, committed 63556K, reserved 1105920K
  class space    used 7867K, capacity 8006K, committed 8136K, reserved 1048576K
}
Event: 6.117 GC heap before
{Heap before GC invocations=18 (full 0):
 garbage-first heap   total 212992K, used 145861K [0x0000000400000000, 0x0000000800000000)
  region size 8192K, 9 young (73728K), 1 survivors (8192K)
 Metaspace       used 67795K, capacity 68128K, committed 68292K, reserved 1110016K
  class space    used 8588K, capacity 8747K, committed 8776K, reserved 1048576K
}
Event: 6.125 GC heap after
{Heap after GC invocations=19 (full 0):
 garbage-first heap   total 212992K, used 99911K [0x0000000400000000, 0x0000000800000000)
  region size 8192K, 2 young (16384K), 2 survivors (16384K)
 Metaspace       used 67795K, capacity 68128K, committed 68292K, reserved 1110016K
  class space    used 8588K, capacity 8747K, committed 8776K, reserved 1048576K
}
Event: 7.297 GC heap before
{Heap before GC invocations=19 (full 0):
 garbage-first heap   total 212992K, used 140871K [0x0000000400000000, 0x0000000800000000)
  region size 8192K, 7 young (57344K), 2 survivors (16384K)
 Metaspace       used 69906K, capacity 70282K, committed 70596K, reserved 1112064K
  class space    used 8817K, capacity 8950K, committed 9032K, reserved 1048576K
}
Event: 7.305 GC heap after
{Heap after GC invocations=20 (full 0):
 garbage-first heap   total 212992K, used 85566K [0x0000000400000000, 0x0000000800000000)
  region size 8192K, 1 young (8192K), 1 survivors (8192K)
 Metaspace       used 69906K, capacity 70282K, committed 70596K, reserved 1112064K
  class space    used 8817K, capacity 8950K, committed 9032K, reserved 1048576K
}
Event: 71.490 GC heap before
{Heap before GC invocations=20 (full 0):
 garbage-first heap   total 212992K, used 134718K [0x0000000400000000, 0x0000000800000000)
  region size 8192K, 7 young (57344K), 1 survivors (8192K)
 Metaspace       used 71278K, capacity 71633K, committed 71748K, reserved 1112064K
  class space    used 8937K, capacity 9080K, committed 9160K, reserved 1048576K
}
Event: 71.505 GC heap after
{Heap after GC invocations=21 (full 0):
 garbage-first heap   total 212992K, used 99496K [0x0000000400000000, 0x0000000800000000)
  region size 8192K, 1 young (8192K), 1 survivors (8192K)
 Metaspace       used 71278K, capacity 71633K, committed 71748K, reserved 1112064K
  class space    used 8937K, capacity 9080K, committed 9160K, reserved 1048576K
}
Event: 5224.166 GC heap before
{Heap before GC invocations=21 (full 0):
 garbage-first heap   total 212992K, used 115880K [0x0000000400000000, 0x0000000800000000)
  region size 8192K, 5 young (40960K), 1 survivors (8192K)
 Metaspace       used 72152K, capacity 72535K, committed 72772K, reserved 1114112K
  class space    used 9001K, capacity 9145K, committed 9160K, reserved 1048576K
}
Event: 5224.212 GC heap after
{Heap after GC invocations=22 (full 0):
 garbage-first heap   total 212992K, used 103901K [0x0000000400000000, 0x0000000800000000)
  region size 8192K, 1 young (8192K), 1 survivors (8192K)
 Metaspace       used 72152K, capacity 72535K, committed 72772K, reserved 1114112K
  class space    used 9001K, capacity 9145K, committed 9160K, reserved 1048576K
}

